Determining if the Q_WS_WIN exist failed with the following output:
Change Dir: /tmp/src/cmake-build-release-docker/CMakeFiles/CMakeTmp

Run Build Command:"/usr/bin/make" "cmTC_8d6f9/fast"
/usr/bin/make -f CMakeFiles/cmTC_8d6f9.dir/build.make CMakeFiles/cmTC_8d6f9.dir/build
make[1]: Entering directory '/tmp/src/cmake-build-release-docker/CMakeFiles/CMakeTmp'
Building CXX object CMakeFiles/cmTC_8d6f9.dir/CheckSymbolExists.cxx.o
/usr/bin/c++    -I/usr/include/qt4   -o CMakeFiles/cmTC_8d6f9.dir/CheckSymbolExists.cxx.o -c /tmp/src/cmake-build-release-docker/CMakeFiles/CMakeTmp/CheckSymbolExists.cxx
/tmp/src/cmake-build-release-docker/CMakeFiles/CMakeTmp/CheckSymbolExists.cxx: In function ‘int main(int, char**)’:
/tmp/src/cmake-build-release-docker/CMakeFiles/CMakeTmp/CheckSymbolExists.cxx:8:19: error: ‘Q_WS_WIN’ was not declared in this scope
   return ((int*)(&Q_WS_WIN))[argc];
                   ^
CMakeFiles/cmTC_8d6f9.dir/build.make:65: recipe for target 'CMakeFiles/cmTC_8d6f9.dir/CheckSymbolExists.cxx.o' failed
make[1]: *** [CMakeFiles/cmTC_8d6f9.dir/CheckSymbolExists.cxx.o] Error 1
make[1]: Leaving directory '/tmp/src/cmake-build-release-docker/CMakeFiles/CMakeTmp'
Makefile:126: recipe for target 'cmTC_8d6f9/fast' failed
make: *** [cmTC_8d6f9/fast] Error 2

File /tmp/src/cmake-build-release-docker/CMakeFiles/CMakeTmp/CheckSymbolExists.cxx:
/* */
#include <QtCore/qglobal.h>

int main(int argc, char** argv)
{
  (void)argv;
#ifndef Q_WS_WIN
  return ((int*)(&Q_WS_WIN))[argc];
#else
  (void)argc;
  return 0;
#endif
}

Determining if the Q_WS_QWS exist failed with the following output:
Change Dir: /tmp/src/cmake-build-release-docker/CMakeFiles/CMakeTmp

Run Build Command:"/usr/bin/make" "cmTC_55818/fast"
/usr/bin/make -f CMakeFiles/cmTC_55818.dir/build.make CMakeFiles/cmTC_55818.dir/build
make[1]: Entering directory '/tmp/src/cmake-build-release-docker/CMakeFiles/CMakeTmp'
Building CXX object CMakeFiles/cmTC_55818.dir/CheckSymbolExists.cxx.o
/usr/bin/c++    -I/usr/include/qt4   -o CMakeFiles/cmTC_55818.dir/CheckSymbolExists.cxx.o -c /tmp/src/cmake-build-release-docker/CMakeFiles/CMakeTmp/CheckSymbolExists.cxx
/tmp/src/cmake-build-release-docker/CMakeFiles/CMakeTmp/CheckSymbolExists.cxx: In function ‘int main(int, char**)’:
/tmp/src/cmake-build-release-docker/CMakeFiles/CMakeTmp/CheckSymbolExists.cxx:8:19: error: ‘Q_WS_QWS’ was not declared in this scope
   return ((int*)(&Q_WS_QWS))[argc];
                   ^
CMakeFiles/cmTC_55818.dir/build.make:65: recipe for target 'CMakeFiles/cmTC_55818.dir/CheckSymbolExists.cxx.o' failed
make[1]: *** [CMakeFiles/cmTC_55818.dir/CheckSymbolExists.cxx.o] Error 1
make[1]: Leaving directory '/tmp/src/cmake-build-release-docker/CMakeFiles/CMakeTmp'
Makefile:126: recipe for target 'cmTC_55818/fast' failed
make: *** [cmTC_55818/fast] Error 2

File /tmp/src/cmake-build-release-docker/CMakeFiles/CMakeTmp/CheckSymbolExists.cxx:
/* */
#include <QtCore/qglobal.h>

int main(int argc, char** argv)
{
  (void)argv;
#ifndef Q_WS_QWS
  return ((int*)(&Q_WS_QWS))[argc];
#else
  (void)argc;
  return 0;
#endif
}

Determining if the Q_WS_MAC exist failed with the following output:
Change Dir: /tmp/src/cmake-build-release-docker/CMakeFiles/CMakeTmp

Run Build Command:"/usr/bin/make" "cmTC_b602b/fast"
/usr/bin/make -f CMakeFiles/cmTC_b602b.dir/build.make CMakeFiles/cmTC_b602b.dir/build
make[1]: Entering directory '/tmp/src/cmake-build-release-docker/CMakeFiles/CMakeTmp'
Building CXX object CMakeFiles/cmTC_b602b.dir/CheckSymbolExists.cxx.o
/usr/bin/c++    -I/usr/include/qt4   -o CMakeFiles/cmTC_b602b.dir/CheckSymbolExists.cxx.o -c /tmp/src/cmake-build-release-docker/CMakeFiles/CMakeTmp/CheckSymbolExists.cxx
/tmp/src/cmake-build-release-docker/CMakeFiles/CMakeTmp/CheckSymbolExists.cxx: In function ‘int main(int, char**)’:
/tmp/src/cmake-build-release-docker/CMakeFiles/CMakeTmp/CheckSymbolExists.cxx:8:19: error: ‘Q_WS_MAC’ was not declared in this scope
   return ((int*)(&Q_WS_MAC))[argc];
                   ^
CMakeFiles/cmTC_b602b.dir/build.make:65: recipe for target 'CMakeFiles/cmTC_b602b.dir/CheckSymbolExists.cxx.o' failed
make[1]: *** [CMakeFiles/cmTC_b602b.dir/CheckSymbolExists.cxx.o] Error 1
make[1]: Leaving directory '/tmp/src/cmake-build-release-docker/CMakeFiles/CMakeTmp'
Makefile:126: recipe for target 'cmTC_b602b/fast' failed
make: *** [cmTC_b602b/fast] Error 2

File /tmp/src/cmake-build-release-docker/CMakeFiles/CMakeTmp/CheckSymbolExists.cxx:
/* */
#include <QtCore/qglobal.h>

int main(int argc, char** argv)
{
  (void)argv;
#ifndef Q_WS_MAC
  return ((int*)(&Q_WS_MAC))[argc];
#else
  (void)argc;
  return 0;
#endif
}

