Determining if the Q_WS_WIN exist failed with the following output:
Change Dir: /home/pro/Documents/Lost/src/cmake-build-debug/CMakeFiles/CMakeTmp

Run Build Command(s):/home/pro/Documents/clion-213.4928.11/bin/ninja/linux/ninja cmTC_0db06 && [1/2] Building CXX object CMakeFiles/cmTC_0db06.dir/CheckSymbolExists.cxx.o
FAILED: CMakeFiles/cmTC_0db06.dir/CheckSymbolExists.cxx.o 
/usr/bin/c++  -I/usr/include/qt4  -o CMakeFiles/cmTC_0db06.dir/CheckSymbolExists.cxx.o -c /home/pro/Documents/Lost/src/cmake-build-debug/CMakeFiles/CMakeTmp/CheckSymbolExists.cxx
/home/pro/Documents/Lost/src/cmake-build-debug/CMakeFiles/CMakeTmp/CheckSymbolExists.cxx: In function ‘int main(int, char**)’:
/home/pro/Documents/Lost/src/cmake-build-debug/CMakeFiles/CMakeTmp/CheckSymbolExists.cxx:8:19: error: ‘Q_WS_WIN’ was not declared in this scope
   return ((int*)(&Q_WS_WIN))[argc];
                   ^~~~~~~~
/home/pro/Documents/Lost/src/cmake-build-debug/CMakeFiles/CMakeTmp/CheckSymbolExists.cxx:8:19: note: suggested alternative: ‘Q_WS_X11’
   return ((int*)(&Q_WS_WIN))[argc];
                   ^~~~~~~~
                   Q_WS_X11
ninja: build stopped: subcommand failed.


File /home/pro/Documents/Lost/src/cmake-build-debug/CMakeFiles/CMakeTmp/CheckSymbolExists.cxx:
/* */
#include <QtCore/qglobal.h>

int main(int argc, char** argv)
{
  (void)argv;
#ifndef Q_WS_WIN
  return ((int*)(&Q_WS_WIN))[argc];
#else
  (void)argc;
  return 0;
#endif
}
Determining if the Q_WS_QWS exist failed with the following output:
Change Dir: /home/pro/Documents/Lost/src/cmake-build-debug/CMakeFiles/CMakeTmp

Run Build Command(s):/home/pro/Documents/clion-213.4928.11/bin/ninja/linux/ninja cmTC_54af5 && [1/2] Building CXX object CMakeFiles/cmTC_54af5.dir/CheckSymbolExists.cxx.o
FAILED: CMakeFiles/cmTC_54af5.dir/CheckSymbolExists.cxx.o 
/usr/bin/c++  -I/usr/include/qt4  -o CMakeFiles/cmTC_54af5.dir/CheckSymbolExists.cxx.o -c /home/pro/Documents/Lost/src/cmake-build-debug/CMakeFiles/CMakeTmp/CheckSymbolExists.cxx
/home/pro/Documents/Lost/src/cmake-build-debug/CMakeFiles/CMakeTmp/CheckSymbolExists.cxx: In function ‘int main(int, char**)’:
/home/pro/Documents/Lost/src/cmake-build-debug/CMakeFiles/CMakeTmp/CheckSymbolExists.cxx:8:19: error: ‘Q_WS_QWS’ was not declared in this scope
   return ((int*)(&Q_WS_QWS))[argc];
                   ^~~~~~~~
/home/pro/Documents/Lost/src/cmake-build-debug/CMakeFiles/CMakeTmp/CheckSymbolExists.cxx:8:19: note: suggested alternative: ‘Q_WS_X11’
   return ((int*)(&Q_WS_QWS))[argc];
                   ^~~~~~~~
                   Q_WS_X11
ninja: build stopped: subcommand failed.


File /home/pro/Documents/Lost/src/cmake-build-debug/CMakeFiles/CMakeTmp/CheckSymbolExists.cxx:
/* */
#include <QtCore/qglobal.h>

int main(int argc, char** argv)
{
  (void)argv;
#ifndef Q_WS_QWS
  return ((int*)(&Q_WS_QWS))[argc];
#else
  (void)argc;
  return 0;
#endif
}
Determining if the Q_WS_MAC exist failed with the following output:
Change Dir: /home/pro/Documents/Lost/src/cmake-build-debug/CMakeFiles/CMakeTmp

Run Build Command(s):/home/pro/Documents/clion-213.4928.11/bin/ninja/linux/ninja cmTC_104f7 && [1/2] Building CXX object CMakeFiles/cmTC_104f7.dir/CheckSymbolExists.cxx.o
FAILED: CMakeFiles/cmTC_104f7.dir/CheckSymbolExists.cxx.o 
/usr/bin/c++  -I/usr/include/qt4  -o CMakeFiles/cmTC_104f7.dir/CheckSymbolExists.cxx.o -c /home/pro/Documents/Lost/src/cmake-build-debug/CMakeFiles/CMakeTmp/CheckSymbolExists.cxx
/home/pro/Documents/Lost/src/cmake-build-debug/CMakeFiles/CMakeTmp/CheckSymbolExists.cxx: In function ‘int main(int, char**)’:
/home/pro/Documents/Lost/src/cmake-build-debug/CMakeFiles/CMakeTmp/CheckSymbolExists.cxx:8:19: error: ‘Q_WS_MAC’ was not declared in this scope
   return ((int*)(&Q_WS_MAC))[argc];
                   ^~~~~~~~
/home/pro/Documents/Lost/src/cmake-build-debug/CMakeFiles/CMakeTmp/CheckSymbolExists.cxx:8:19: note: suggested alternative: ‘Q_WS_X11’
   return ((int*)(&Q_WS_MAC))[argc];
                   ^~~~~~~~
                   Q_WS_X11
ninja: build stopped: subcommand failed.


File /home/pro/Documents/Lost/src/cmake-build-debug/CMakeFiles/CMakeTmp/CheckSymbolExists.cxx:
/* */
#include <QtCore/qglobal.h>

int main(int argc, char** argv)
{
  (void)argv;
#ifndef Q_WS_MAC
  return ((int*)(&Q_WS_MAC))[argc];
#else
  (void)argc;
  return 0;
#endif
}
